Build started 2015-04-14 오후 2:52:10.
     1>Project "C:\Users\MIN\Documents\GitHub\JunkEngine\JunkEngine\JunkEngine\JunkEngine.vcxproj" on node 2 (Build target(s)).
     1>ClCompile:
         C:\Program Files (x86)\Microsoft Visual Studio 14.0\VC\bin\CL.exe /c /Zi /nologo /W3 /WX- /sdl /O2 /Oi /Oy- /GL /D _MBCS /Gm- /EHsc /MD /GS /Gy /fp:precise /Zc:wchar_t /Zc:forScope /Fo"Release\\" /Fd"Release\vc140.pdb" /Gd /TP /analyze- /errorReport:prompt ..\Headers\Junk2DSprite.cpp ..\Source\MainGame.cpp ..\Source\game.cpp ..\Source\graphics.cpp ..\Source\image.cpp ..\Source\input.cpp ..\Source\textureManager.cpp ..\Source\winmain.cpp
         Junk2DSprite.cpp
     1>c:\users\min\documents\github\junkengine\junkengine\headers\graphics.h(9): fatal error C1083: Cannot open include file: 'd3dx9.h': No such file or directory
         MainGame.cpp
     1>c:\users\min\documents\github\junkengine\junkengine\headers\graphics.h(9): fatal error C1083: Cannot open include file: 'd3dx9.h': No such file or directory
         game.cpp
     1>c:\users\min\documents\github\junkengine\junkengine\headers\graphics.h(9): fatal error C1083: Cannot open include file: 'd3dx9.h': No such file or directory
         graphics.cpp
     1>c:\users\min\documents\github\junkengine\junkengine\source\..\\Headers\\graphics.h(9): fatal error C1083: Cannot open include file: 'd3dx9.h': No such file or directory
         image.cpp
     1>c:\users\min\documents\github\junkengine\junkengine\headers\graphics.h(9): fatal error C1083: Cannot open include file: 'd3dx9.h': No such file or directory
         input.cpp
         textureManager.cpp
     1>c:\users\min\documents\github\junkengine\junkengine\headers\graphics.h(9): fatal error C1083: Cannot open include file: 'd3dx9.h': No such file or directory
         winmain.cpp
     1>c:\users\min\documents\github\junkengine\junkengine\headers\graphics.h(9): fatal error C1083: Cannot open include file: 'd3dx9.h': No such file or directory
     1>Done Building Project "C:\Users\MIN\Documents\GitHub\JunkEngine\JunkEngine\JunkEngine\JunkEngine.vcxproj" (Build target(s)) -- FAILED.

Build FAILED.

Time Elapsed 00:00:03.14
